# JRE version: OpenJDK Runtime Environment Microsoft-8035246 (17.0.8+7) (build 17.0.8+7-LTS)
# Java VM: OpenJDK 64-Bit Server VM Microsoft-8035246 (17.0.8+7-LTS, mixed mode, sharing, tiered, compressed oops, compressed class ptrs, g1 gc, windows-amd64)
GC Precious Log:
 CPUs: 4 total, 4 available
 Memory: 12176M
 Large Page Support: Disabled
 NUMA Support: Disabled
 Compressed Oops: Enabled (32-bit)
 Heap Region Size: 1M
 Heap Min Capacity: 8M
 Heap Initial Capacity: 192M
 Heap Max Capacity: 2G
 Pre-touch: Disabled
 Parallel Workers: 4
 Concurrent Workers: 1
 Concurrent Refinement Workers: 4
 Periodic GC: Disabled
Heap:
 garbage-first heap   total 300032K, used 210626K [0x0000000080000000, 0x0000000100000000)
  region size 1024K, 49 young (50176K), 11 survivors (11264K)
 Metaspace       used 103399K, committed 104320K, reserved 557056K
  class space    used 14372K, committed 14784K, reserved 425984K
GC Heap History (20 events):
Event: 53.980 GC heap before
{Heap before GC invocations=49 (full 0):
 garbage-first heap   total 176128K, used 132013K [0x0000000080000000, 0x0000000100000000)
  region size 1024K, 42 young (43008K), 4 survivors (4096K)
 Metaspace       used 84314K, committed 85056K, reserved 557056K
  class space    used 11669K, committed 12032K, reserved 425984K
}
Event: 53.989 GC heap after
{Heap after GC invocations=50 (full 0):
 garbage-first heap   total 176128K, used 95357K [0x0000000080000000, 0x0000000100000000)
  region size 1024K, 3 young (3072K), 3 survivors (3072K)
 Metaspace       used 84314K, committed 85056K, reserved 557056K
  class space    used 11669K, committed 12032K, reserved 425984K
}
Event: 54.119 GC heap before
{Heap before GC invocations=50 (full 0):
 garbage-first heap   total 176128K, used 100477K [0x0000000080000000, 0x0000000100000000)
  region size 1024K, 8 young (8192K), 3 survivors (3072K)
 Metaspace       used 84671K, committed 85376K, reserved 557056K
  class space    used 11725K, committed 12032K, reserved 425984K
}
Event: 54.126 GC heap after
{Heap after GC invocations=51 (full 0):
 garbage-first heap   total 249856K, used 95307K [0x0000000080000000, 0x0000000100000000)
  region size 1024K, 1 young (1024K), 1 survivors (1024K)
 Metaspace       used 84671K, committed 85376K, reserved 557056K
  class space    used 11725K, committed 12032K, reserved 425984K
}
Event: 55.817 GC heap before
{Heap before GC invocations=51 (full 0):
 garbage-first heap   total 249856K, used 187467K [0x0000000080000000, 0x0000000100000000)
  region size 1024K, 90 young (92160K), 1 survivors (1024K)
 Metaspace       used 90455K, committed 91264K, reserved 557056K
  class space    used 12683K, committed 13056K, reserved 425984K
}
Event: 55.825 GC heap after
{Heap after GC invocations=52 (full 0):
 garbage-first heap   total 249856K, used 99154K [0x0000000080000000, 0x0000000100000000)
  region size 1024K, 5 young (5120K), 5 survivors (5120K)
 Metaspace       used 90455K, committed 91264K, reserved 557056K
  class space    used 12683K, committed 13056K, reserved 425984K
}
Event: 58.044 GC heap before
{Heap before GC invocations=52 (full 0):
 garbage-first heap   total 249856K, used 194386K [0x0000000080000000, 0x0000000100000000)
  region size 1024K, 95 young (97280K), 5 survivors (5120K)
 Metaspace       used 93402K, committed 94208K, reserved 557056K
  class space    used 13083K, committed 13440K, reserved 425984K
}
Event: 58.059 GC heap after
{Heap after GC invocations=53 (full 0):
 garbage-first heap   total 249856K, used 118174K [0x0000000080000000, 0x0000000100000000)
  region size 1024K, 12 young (12288K), 12 survivors (12288K)
 Metaspace       used 93402K, committed 94208K, reserved 557056K
  class space    used 13083K, committed 13440K, reserved 425984K
}
Event: 59.680 GC heap before
{Heap before GC invocations=53 (full 0):
 garbage-first heap   total 249856K, used 195998K [0x0000000080000000, 0x0000000100000000)
  region size 1024K, 85 young (87040K), 12 survivors (12288K)
 Metaspace       used 94087K, committed 94976K, reserved 557056K
  class space    used 13155K, committed 13568K, reserved 425984K
}
Event: 59.700 GC heap after
{Heap after GC invocations=54 (full 0):
 garbage-first heap   total 249856K, used 137998K [0x0000000080000000, 0x0000000100000000)
  region size 1024K, 11 young (11264K), 11 survivors (11264K)
 Metaspace       used 94087K, committed 94976K, reserved 557056K
  class space    used 13155K, committed 13568K, reserved 425984K
}
Event: 60.525 GC heap before
{Heap before GC invocations=54 (full 0):
 garbage-first heap   total 249856K, used 196366K [0x0000000080000000, 0x0000000100000000)
  region size 1024K, 67 young (68608K), 11 survivors (11264K)
 Metaspace       used 96820K, committed 97728K, reserved 557056K
  class space    used 13537K, committed 13952K, reserved 425984K
}
Event: 60.541 GC heap after
{Heap after GC invocations=55 (full 0):
 garbage-first heap   total 249856K, used 148347K [0x0000000080000000, 0x0000000100000000)
  region size 1024K, 8 young (8192K), 8 survivors (8192K)
 Metaspace       used 96820K, committed 97728K, reserved 557056K
  class space    used 13537K, committed 13952K, reserved 425984K
}
Event: 61.381 GC heap before
{Heap before GC invocations=55 (full 0):
 garbage-first heap   total 249856K, used 199547K [0x0000000080000000, 0x0000000100000000)
  region size 1024K, 58 young (59392K), 8 survivors (8192K)
 Metaspace       used 100613K, committed 101504K, reserved 557056K
  class space    used 14059K, committed 14464K, reserved 425984K
}
Event: 61.398 GC heap after
{Heap after GC invocations=56 (full 0):
 garbage-first heap   total 249856K, used 152810K [0x0000000080000000, 0x0000000100000000)
  region size 1024K, 5 young (5120K), 5 survivors (5120K)
 Metaspace       used 100613K, committed 101504K, reserved 557056K
  class space    used 14059K, committed 14464K, reserved 425984K
}
Event: 62.008 GC heap before
{Heap before GC invocations=56 (full 0):
 garbage-first heap   total 249856K, used 202986K [0x0000000080000000, 0x0000000100000000)
  region size 1024K, 54 young (55296K), 5 survivors (5120K)
 Metaspace       used 101807K, committed 102784K, reserved 557056K
  class space    used 14187K, committed 14656K, reserved 425984K
}
Event: 62.020 GC heap after
{Heap after GC invocations=57 (full 0):
 garbage-first heap   total 249856K, used 158277K [0x0000000080000000, 0x0000000100000000)
  region size 1024K, 6 young (6144K), 6 survivors (6144K)
 Metaspace       used 101807K, committed 102784K, reserved 557056K
  class space    used 14187K, committed 14656K, reserved 425984K
}
Event: 62.628 GC heap before
{Heap before GC invocations=57 (full 0):
 garbage-first heap   total 249856K, used 205381K [0x0000000080000000, 0x0000000100000000)
  region size 1024K, 52 young (53248K), 6 survivors (6144K)
 Metaspace       used 102759K, committed 103744K, reserved 557056K
  class space    used 14316K, committed 14784K, reserved 425984K
}
Event: 62.641 GC heap after
{Heap after GC invocations=58 (full 0):
 garbage-first heap   total 300032K, used 163032K [0x0000000080000000, 0x0000000100000000)
  region size 1024K, 5 young (5120K), 5 survivors (5120K)
 Metaspace       used 102759K, committed 103744K, reserved 557056K
  class space    used 14316K, committed 14784K, reserved 425984K
}
Event: 63.933 GC heap before
{Heap before GC invocations=58 (full 0):
 garbage-first heap   total 300032K, used 241880K [0x0000000080000000, 0x0000000100000000)
  region size 1024K, 83 young (84992K), 5 survivors (5120K)
 Metaspace       used 103309K, committed 104256K, reserved 557056K
  class space    used 14372K, committed 14784K, reserved 425984K
}
Event: 63.944 GC heap after
{Heap after GC invocations=59 (full 0):
 garbage-first heap   total 300032K, used 168642K [0x0000000080000000, 0x0000000100000000)
  region size 1024K, 11 young (11264K), 11 survivors (11264K)
 Metaspace       used 103309K, committed 104256K, reserved 557056K
  class space    used 14372K, committed 14784K, reserved 425984K
}

