# JRE version: OpenJDK Runtime Environment Microsoft-8035246 (17.0.8+7) (build 17.0.8+7-LTS)
# Java VM: OpenJDK 64-Bit Server VM Microsoft-8035246 (17.0.8+7-LTS, mixed mode, sharing, tiered, compressed oops, compressed class ptrs, g1 gc, windows-amd64)
GC Precious Log:
 CPUs: 4 total, 4 available
 Memory: 12176M
 Large Page Support: Disabled
 NUMA Support: Disabled
 Compressed Oops: Enabled (32-bit)
 Heap Region Size: 1M
 Heap Min Capacity: 8M
 Heap Initial Capacity: 192M
 Heap Max Capacity: 2G
 Pre-touch: Disabled
 Parallel Workers: 4
 Concurrent Workers: 1
 Concurrent Refinement Workers: 4
 Periodic GC: Disabled
Heap:
 garbage-first heap   total 271360K, used 180182K [0x0000000080000000, 0x0000000100000000)
  region size 1024K, 13 young (13312K), 7 survivors (7168K)
 Metaspace       used 99090K, committed 100224K, reserved 557056K
  class space    used 13865K, committed 14400K, reserved 425984K
GC Heap History (20 events):
Event: 58.533 GC heap before
{Heap before GC invocations=64 (full 0):
 garbage-first heap   total 258048K, used 175186K [0x0000000080000000, 0x0000000100000000)
  region size 1024K, 43 young (44032K), 3 survivors (3072K)
 Metaspace       used 90357K, committed 91392K, reserved 557056K
  class space    used 12692K, committed 13184K, reserved 425984K
}
Event: 58.548 GC heap after
{Heap after GC invocations=65 (full 0):
 garbage-first heap   total 258048K, used 144418K [0x0000000080000000, 0x0000000100000000)
  region size 1024K, 6 young (6144K), 6 survivors (6144K)
 Metaspace       used 90357K, committed 91392K, reserved 557056K
  class space    used 12692K, committed 13184K, reserved 425984K
}
Event: 59.016 GC heap before
{Heap before GC invocations=65 (full 0):
 garbage-first heap   total 258048K, used 150562K [0x0000000080000000, 0x0000000100000000)
  region size 1024K, 12 young (12288K), 6 survivors (6144K)
 Metaspace       used 90415K, committed 91456K, reserved 557056K
  class space    used 12699K, committed 13184K, reserved 425984K
}
Event: 59.023 GC heap after
{Heap after GC invocations=66 (full 0):
 garbage-first heap   total 258048K, used 145806K [0x0000000080000000, 0x0000000100000000)
  region size 1024K, 2 young (2048K), 2 survivors (2048K)
 Metaspace       used 90415K, committed 91456K, reserved 557056K
  class space    used 12699K, committed 13184K, reserved 425984K
}
Event: 59.342 GC heap before
{Heap before GC invocations=66 (full 0):
 garbage-first heap   total 258048K, used 157070K [0x0000000080000000, 0x0000000100000000)
  region size 1024K, 14 young (14336K), 2 survivors (2048K)
 Metaspace       used 90477K, committed 91520K, reserved 557056K
  class space    used 12704K, committed 13184K, reserved 425984K
}
Event: 59.350 GC heap after
{Heap after GC invocations=67 (full 0):
 garbage-first heap   total 258048K, used 146651K [0x0000000080000000, 0x0000000100000000)
  region size 1024K, 3 young (3072K), 3 survivors (3072K)
 Metaspace       used 90477K, committed 91520K, reserved 557056K
  class space    used 12704K, committed 13184K, reserved 425984K
}
Event: 60.368 GC heap before
{Heap before GC invocations=68 (full 0):
 garbage-first heap   total 265216K, used 189659K [0x0000000080000000, 0x0000000100000000)
  region size 1024K, 43 young (44032K), 3 survivors (3072K)
 Metaspace       used 91923K, committed 92928K, reserved 557056K
  class space    used 12892K, committed 13376K, reserved 425984K
}
Event: 60.380 GC heap after
{Heap after GC invocations=69 (full 0):
 garbage-first heap   total 265216K, used 154612K [0x0000000080000000, 0x0000000100000000)
  region size 1024K, 6 young (6144K), 6 survivors (6144K)
 Metaspace       used 91923K, committed 92928K, reserved 557056K
  class space    used 12892K, committed 13376K, reserved 425984K
}
Event: 60.487 GC heap before
{Heap before GC invocations=69 (full 0):
 garbage-first heap   total 265216K, used 160756K [0x0000000080000000, 0x0000000100000000)
  region size 1024K, 12 young (12288K), 6 survivors (6144K)
 Metaspace       used 92471K, committed 93504K, reserved 557056K
  class space    used 12982K, committed 13440K, reserved 425984K
}
Event: 60.499 GC heap after
{Heap after GC invocations=70 (full 0):
 garbage-first heap   total 265216K, used 154866K [0x0000000080000000, 0x0000000100000000)
  region size 1024K, 1 young (1024K), 1 survivors (1024K)
 Metaspace       used 92471K, committed 93504K, reserved 557056K
  class space    used 12982K, committed 13440K, reserved 425984K
}
Event: 61.439 GC heap before
{Heap before GC invocations=70 (full 0):
 garbage-first heap   total 265216K, used 197874K [0x0000000080000000, 0x0000000100000000)
  region size 1024K, 43 young (44032K), 1 survivors (1024K)
 Metaspace       used 95754K, committed 96768K, reserved 557056K
  class space    used 13455K, committed 13952K, reserved 425984K
}
Event: 61.446 GC heap after
{Heap after GC invocations=71 (full 0):
 garbage-first heap   total 265216K, used 157035K [0x0000000080000000, 0x0000000100000000)
  region size 1024K, 3 young (3072K), 3 survivors (3072K)
 Metaspace       used 95754K, committed 96768K, reserved 557056K
  class space    used 13455K, committed 13952K, reserved 425984K
}
Event: 62.466 GC heap before
{Heap before GC invocations=72 (full 0):
 garbage-first heap   total 271360K, used 201067K [0x0000000080000000, 0x0000000100000000)
  region size 1024K, 46 young (47104K), 3 survivors (3072K)
 Metaspace       used 97213K, committed 98304K, reserved 557056K
  class space    used 13645K, committed 14208K, reserved 425984K
}
Event: 62.477 GC heap after
{Heap after GC invocations=73 (full 0):
 garbage-first heap   total 271360K, used 162002K [0x0000000080000000, 0x0000000100000000)
  region size 1024K, 6 young (6144K), 6 survivors (6144K)
 Metaspace       used 97213K, committed 98304K, reserved 557056K
  class space    used 13645K, committed 14208K, reserved 425984K
}
Event: 62.574 GC heap before
{Heap before GC invocations=73 (full 0):
 garbage-first heap   total 271360K, used 169170K [0x0000000080000000, 0x0000000100000000)
  region size 1024K, 13 young (13312K), 6 survivors (6144K)
 Metaspace       used 97342K, committed 98496K, reserved 557056K
  class space    used 13658K, committed 14208K, reserved 425984K
}
Event: 62.585 GC heap after
{Heap after GC invocations=74 (full 0):
 garbage-first heap   total 271360K, used 163053K [0x0000000080000000, 0x0000000100000000)
  region size 1024K, 2 young (2048K), 2 survivors (2048K)
 Metaspace       used 97342K, committed 98496K, reserved 557056K
  class space    used 13658K, committed 14208K, reserved 425984K
}
Event: 63.319 GC heap before
{Heap before GC invocations=74 (full 0):
 garbage-first heap   total 271360K, used 210157K [0x0000000080000000, 0x0000000100000000)
  region size 1024K, 48 young (49152K), 2 survivors (2048K)
 Metaspace       used 97805K, committed 98880K, reserved 557056K
  class space    used 13693K, committed 14208K, reserved 425984K
}
Event: 63.327 GC heap after
{Heap after GC invocations=75 (full 0):
 garbage-first heap   total 271360K, used 167256K [0x0000000080000000, 0x0000000100000000)
  region size 1024K, 6 young (6144K), 6 survivors (6144K)
 Metaspace       used 97805K, committed 98880K, reserved 557056K
  class space    used 13693K, committed 14208K, reserved 425984K
}
Event: 64.050 GC heap before
{Heap before GC invocations=75 (full 0):
 garbage-first heap   total 271360K, used 213336K [0x0000000080000000, 0x0000000100000000)
  region size 1024K, 52 young (53248K), 6 survivors (6144K)
 Metaspace       used 98724K, committed 99840K, reserved 557056K
  class space    used 13816K, committed 14400K, reserved 425984K
}
Event: 64.061 GC heap after
{Heap after GC invocations=76 (full 0):
 garbage-first heap   total 271360K, used 170990K [0x0000000080000000, 0x0000000100000000)
  region size 1024K, 4 young (4096K), 4 survivors (4096K)
 Metaspace       used 98724K, committed 99840K, reserved 557056K
  class space    used 13816K, committed 14400K, reserved 425984K
}

