# JRE version: OpenJDK Runtime Environment Microsoft-8035246 (17.0.8+7) (build 17.0.8+7-LTS)
# Java VM: OpenJDK 64-Bit Server VM Microsoft-8035246 (17.0.8+7-LTS, mixed mode, sharing, tiered, compressed oops, compressed class ptrs, g1 gc, windows-amd64)
GC Precious Log:
 CPUs: 4 total, 4 available
 Memory: 12176M
 Large Page Support: Disabled
 NUMA Support: Disabled
 Compressed Oops: Enabled (32-bit)
 Heap Region Size: 1M
 Heap Min Capacity: 8M
 Heap Initial Capacity: 192M
 Heap Max Capacity: 2G
 Pre-touch: Disabled
 Parallel Workers: 4
 Concurrent Workers: 1
 Concurrent Refinement Workers: 4
 Periodic GC: Disabled
Heap:
 garbage-first heap   total 243712K, used 197473K [0x0000000080000000, 0x0000000100000000)
  region size 1024K, 34 young (34816K), 6 survivors (6144K)
 Metaspace       used 106187K, committed 107136K, reserved 557056K
  class space    used 14699K, committed 15104K, reserved 425984K
GC Heap History (20 events):
Event: 51.951 GC heap before
{Heap before GC invocations=43 (full 0):
 garbage-first heap   total 243712K, used 176869K [0x0000000080000000, 0x0000000100000000)
  region size 1024K, 88 young (90112K), 5 survivors (5120K)
 Metaspace       used 88584K, committed 89344K, reserved 557056K
  class space    used 12205K, committed 12544K, reserved 425984K
}
Event: 51.961 GC heap after
{Heap after GC invocations=44 (full 0):
 garbage-first heap   total 243712K, used 96790K [0x0000000080000000, 0x0000000100000000)
  region size 1024K, 10 young (10240K), 10 survivors (10240K)
 Metaspace       used 88584K, committed 89344K, reserved 557056K
  class space    used 12205K, committed 12544K, reserved 425984K
}
Event: 53.350 GC heap before
{Heap before GC invocations=44 (full 0):
 garbage-first heap   total 243712K, used 182806K [0x0000000080000000, 0x0000000100000000)
  region size 1024K, 94 young (96256K), 10 survivors (10240K)
 Metaspace       used 93560K, committed 94400K, reserved 557056K
  class space    used 13046K, committed 13376K, reserved 425984K
}
Event: 53.370 GC heap after
{Heap after GC invocations=45 (full 0):
 garbage-first heap   total 243712K, used 101766K [0x0000000080000000, 0x0000000100000000)
  region size 1024K, 10 young (10240K), 10 survivors (10240K)
 Metaspace       used 93560K, committed 94400K, reserved 557056K
  class space    used 13046K, committed 13376K, reserved 425984K
}
Event: 56.289 GC heap before
{Heap before GC invocations=45 (full 0):
 garbage-first heap   total 243712K, used 190854K [0x0000000080000000, 0x0000000100000000)
  region size 1024K, 94 young (96256K), 10 survivors (10240K)
 Metaspace       used 96275K, committed 97152K, reserved 557056K
  class space    used 13414K, committed 13824K, reserved 425984K
}
Event: 56.320 GC heap after
{Heap after GC invocations=46 (full 0):
 garbage-first heap   total 243712K, used 119479K [0x0000000080000000, 0x0000000100000000)
  region size 1024K, 12 young (12288K), 12 survivors (12288K)
 Metaspace       used 96275K, committed 97152K, reserved 557056K
  class space    used 13414K, committed 13824K, reserved 425984K
}
Event: 58.695 GC heap before
{Heap before GC invocations=46 (full 0):
 garbage-first heap   total 243712K, used 193207K [0x0000000080000000, 0x0000000100000000)
  region size 1024K, 81 young (82944K), 12 survivors (12288K)
 Metaspace       used 96929K, committed 97920K, reserved 557056K
  class space    used 13483K, committed 13952K, reserved 425984K
}
Event: 58.720 GC heap after
{Heap after GC invocations=47 (full 0):
 garbage-first heap   total 243712K, used 139558K [0x0000000080000000, 0x0000000100000000)
  region size 1024K, 11 young (11264K), 11 survivors (11264K)
 Metaspace       used 96929K, committed 97920K, reserved 557056K
  class space    used 13483K, committed 13952K, reserved 425984K
}
Event: 59.896 GC heap before
{Heap before GC invocations=47 (full 0):
 garbage-first heap   total 243712K, used 194854K [0x0000000080000000, 0x0000000100000000)
  region size 1024K, 63 young (64512K), 11 survivors (11264K)
 Metaspace       used 99342K, committed 100352K, reserved 557056K
  class space    used 13817K, committed 14272K, reserved 425984K
}
Event: 59.916 GC heap after
{Heap after GC invocations=48 (full 0):
 garbage-first heap   total 243712K, used 149751K [0x0000000080000000, 0x0000000100000000)
  region size 1024K, 8 young (8192K), 8 survivors (8192K)
 Metaspace       used 99342K, committed 100352K, reserved 557056K
  class space    used 13817K, committed 14272K, reserved 425984K
}
Event: 61.230 GC heap before
{Heap before GC invocations=48 (full 0):
 garbage-first heap   total 243712K, used 196855K [0x0000000080000000, 0x0000000100000000)
  region size 1024K, 54 young (55296K), 8 survivors (8192K)
 Metaspace       used 103130K, committed 104064K, reserved 557056K
  class space    used 14338K, committed 14784K, reserved 425984K
}
Event: 61.256 GC heap after
{Heap after GC invocations=49 (full 0):
 garbage-first heap   total 243712K, used 154677K [0x0000000080000000, 0x0000000100000000)
  region size 1024K, 5 young (5120K), 5 survivors (5120K)
 Metaspace       used 103130K, committed 104064K, reserved 557056K
  class space    used 14338K, committed 14784K, reserved 425984K
}
Event: 62.426 GC heap before
{Heap before GC invocations=49 (full 0):
 garbage-first heap   total 243712K, used 199733K [0x0000000080000000, 0x0000000100000000)
  region size 1024K, 49 young (50176K), 5 survivors (5120K)
 Metaspace       used 104638K, committed 105536K, reserved 557056K
  class space    used 14522K, committed 14912K, reserved 425984K
}
Event: 62.444 GC heap after
{Heap after GC invocations=50 (full 0):
 garbage-first heap   total 243712K, used 158888K [0x0000000080000000, 0x0000000100000000)
  region size 1024K, 5 young (5120K), 5 survivors (5120K)
 Metaspace       used 104638K, committed 105536K, reserved 557056K
  class space    used 14522K, committed 14912K, reserved 425984K
}
Event: 63.266 GC heap before
{Heap before GC invocations=50 (full 0):
 garbage-first heap   total 243712K, used 201896K [0x0000000080000000, 0x0000000100000000)
  region size 1024K, 47 young (48128K), 5 survivors (5120K)
 Metaspace       used 105134K, committed 106112K, reserved 557056K
  class space    used 14567K, committed 14976K, reserved 425984K
}
Event: 63.283 GC heap after
{Heap after GC invocations=51 (full 0):
 garbage-first heap   total 243712K, used 163362K [0x0000000080000000, 0x0000000100000000)
  region size 1024K, 5 young (5120K), 5 survivors (5120K)
 Metaspace       used 105134K, committed 106112K, reserved 557056K
  class space    used 14567K, committed 14976K, reserved 425984K
}
Event: 64.252 GC heap before
{Heap before GC invocations=51 (full 0):
 garbage-first heap   total 243712K, used 203298K [0x0000000080000000, 0x0000000100000000)
  region size 1024K, 45 young (46080K), 5 survivors (5120K)
 Metaspace       used 105926K, committed 106944K, reserved 557056K
  class space    used 14662K, committed 15104K, reserved 425984K
}
Event: 64.264 GC heap after
{Heap after GC invocations=52 (full 0):
 garbage-first heap   total 243712K, used 166267K [0x0000000080000000, 0x0000000100000000)
  region size 1024K, 3 young (3072K), 3 survivors (3072K)
 Metaspace       used 105926K, committed 106944K, reserved 557056K
  class space    used 14662K, committed 15104K, reserved 425984K
}
Event: 64.989 GC heap before
{Heap before GC invocations=52 (full 0):
 garbage-first heap   total 243712K, used 206203K [0x0000000080000000, 0x0000000100000000)
  region size 1024K, 42 young (43008K), 3 survivors (3072K)
 Metaspace       used 106186K, committed 107136K, reserved 557056K
  class space    used 14698K, committed 15104K, reserved 425984K
}
Event: 64.998 GC heap after
{Heap after GC invocations=53 (full 0):
 garbage-first heap   total 243712K, used 169825K [0x0000000080000000, 0x0000000100000000)
  region size 1024K, 6 young (6144K), 6 survivors (6144K)
 Metaspace       used 106186K, committed 107136K, reserved 557056K
  class space    used 14698K, committed 15104K, reserved 425984K
}

